<?xml version="1.0" encoding="UTF-8"?>
<!-- Generated by org.testng.reporters.JUnitXMLReporter -->
<testsuite hostname="QAYSARs-MBP.hub" ignored="0" name="Surefire test" tests="6" failures="0" timestamp="2020-08-11T23:18:37 AEST" time="0.033" errors="0">
  <testcase name="IOSApps" time="0.004" classname="com.org.LearningMaven.AppiumTest"/>
  <testcase name="NativeAppAndrouid" time="0.001" classname="com.org.LearningMaven.AppiumTest"/>
  <testcase name="BrowserAutomation" time="0.0" classname="com.org.LearningMaven.SeleniumTest"/>
  <testcase name="ElementsUIn" time="0.0" classname="com.org.LearningMaven.SeleniumTest"/>
  <testcase name="deleteTwitter" time="0.0" classname="com.org.LearningMaven.RESTAPITest"/>
  <testcase name="postJira" time="0.0" classname="com.org.LearningMaven.RESTAPITest"/>
</testsuite> <!-- Surefire test -->
