<?xml version="1.0" encoding="UTF-8"?>
<!-- Generated by org.testng.reporters.JUnitXMLReporter -->
<testsuite hostname="QAYSARs-MBP.hub" ignored="1" name="Default test" tests="1" failures="0" timestamp="2020-08-11T21:04:04 AEST" time="0.061" errors="0">
  <testcase name="BrowserAutomation" time="0.01" classname="com.org.LearningMaven.SeleniumTest"/>
  <testcase name="ElementsUIn" time="0.0" classname="com.org.LearningMaven.SeleniumTest">
    <ignored/>
  </testcase> <!-- ElementsUIn -->
</testsuite> <!-- Default test -->
