<?xml version="1.0" encoding="UTF-8"?>
<testng-results skipped="0" failed="0" ignored="1" total="2" passed="1">
  <reporter-output>
  </reporter-output>
  <suite name="Default suite" duration-ms="61" started-at="2020-08-11T21:04:04 AEST" finished-at="2020-08-11T21:04:04 AEST">
    <groups>
    </groups>
    <test name="Default test" duration-ms="61" started-at="2020-08-11T21:04:04 AEST" finished-at="2020-08-11T21:04:04 AEST">
      <class name="com.org.LearningMaven.SeleniumTest">
        <test-method status="PASS" signature="BrowserAutomation()[pri:0, instance:com.org.LearningMaven.SeleniumTest@235834f2]" name="BrowserAutomation" duration-ms="10" started-at="2020-08-11T21:04:04 AEST" finished-at="2020-08-11T21:04:04 AEST">
          <reporter-output>
          </reporter-output>
        </test-method> <!-- BrowserAutomation -->
      </class> <!-- com.org.LearningMaven.SeleniumTest -->
    </test> <!-- Default test -->
  </suite> <!-- Default suite -->
</testng-results>
